This file contains any messages produced by compilers while
running configure, to aid debugging if configure makes a mistake.

It was created by configure, which was
generated by GNU Autoconf 2.69.  Invocation command line was

  $ ./configure --prefix=/usr/local/privoxy

## --------- ##
## Platform. ##
## --------- ##

hostname = angeldeWindows10.local
uname -m = x86_64
uname -r = 20.6.0
uname -s = Darwin
uname -v = Darwin Kernel Version 20.6.0: Wed Jun 23 00:26:31 PDT 2021; root:xnu-7195.141.2~5/RELEASE_X86_64

/usr/bin/uname -p = i386
/bin/uname -X     = unknown

/bin/arch              = unknown
/usr/bin/arch -k       = unknown
/usr/convex/getsysinfo = unknown
/usr/bin/hostinfo      = Mach kernel version:
	 Darwin Kernel Version 20.6.0: Wed Jun 23 00:26:31 PDT 2021; root:xnu-7195.141.2~5/RELEASE_X86_64
Kernel configured for up to 4 processors.
2 processors are physically available.
4 processors are logically available.
Processor type: x86_64h (Intel x86-64h Haswell)
Processors active: 0 1 2 3
Primary memory available: 8.00 gigabytes
Default processor set: 471 tasks, 1809 threads, 4 processors
Load average: 1.75, Mach factor: 2.24
/bin/machine           = unknown
/usr/bin/oslevel       = unknown
/bin/universe          = unknown

PATH: /Users/tans/.nvm/versions/node/v8.9.1/bin
PATH: /Users/tans/Documents/soft/flutter/bin
PATH: /opt/MonkeyDev/bin
PATH: /Library/Frameworks/Python.framework/Versions/3.6/bin
PATH: /usr/local/bin
PATH: /usr/bin
PATH: /bin
PATH: /usr/sbin
PATH: /sbin
PATH: /usr/local/go/bin
PATH: /opt/X11/bin
PATH: /Library/Apple/usr/bin
PATH: /Library/Frameworks/Mono.framework/Versions/Current/Commands
PATH: /Users/tans/.cargo/bin
PATH: /usr/local/apache-tomcat-7.0.78/bin
PATH: /usr/local/mysql-5.7.9-osx10.9-x86_64/bin
PATH: /Users/tans/Library/Python/2.7/bin
PATH: /Users/tans/Library/Android/sdk/platform-tools
PATH: /Users/tans/Library/Android/sdk/tools


## ----------- ##
## Core tests. ##
## ----------- ##

configure:2511: checking build system type
configure:2525: result: x86_64-apple-darwin20.6.0
configure:2545: checking host system type
configure:2558: result: x86_64-apple-darwin20.6.0
configure:2693: checking for gcc
configure:2709: found /usr/bin/gcc
configure:2720: result: gcc
configure:2949: checking for C compiler version
configure:2958: gcc --version >&5
Apple clang version 12.0.5 (clang-1205.0.22.11)
Target: x86_64-apple-darwin20.6.0
Thread model: posix
InstalledDir: /Applications/Xcode.app/Contents/Developer/Toolchains/XcodeDefault.xctoolchain/usr/bin
Configured with: --prefix=/Applications/Xcode.app/Contents/Developer/usr --with-gxx-include-dir=/Applications/Xcode.app/Contents/Developer/Platforms/MacOSX.platform/Developer/SDKs/MacOSX.sdk/usr/include/c++/4.2.1
configure:2969: $? = 0
configure:2958: gcc -v >&5
Configured with: --prefix=/Applications/Xcode.app/Contents/Developer/usr --with-gxx-include-dir=/Applications/Xcode.app/Contents/Developer/Platforms/MacOSX.platform/Developer/SDKs/MacOSX.sdk/usr/include/c++/4.2.1
Apple clang version 12.0.5 (clang-1205.0.22.11)
Target: x86_64-apple-darwin20.6.0
Thread model: posix
InstalledDir: /Applications/Xcode.app/Contents/Developer/Toolchains/XcodeDefault.xctoolchain/usr/bin
configure:2969: $? = 0
configure:2958: gcc -V >&5
clang: error: argument to '-V' is missing (expected 1 value)
clang: error: no input files
configure:2969: $? = 1
configure:2958: gcc -qversion >&5
clang: error: unknown argument '-qversion'; did you mean '--version'?
clang: error: no input files
configure:2969: $? = 1
configure:2989: checking whether the C compiler works
configure:3011: gcc     conftest.c  >&5
configure:3015: $? = 0
configure:3063: result: yes
configure:3066: checking for C compiler default output file name
configure:3068: result: a.out
configure:3074: checking for suffix of executables
configure:3081: gcc -o conftest     conftest.c  >&5
configure:3085: $? = 0
configure:3107: result: 
configure:3129: checking whether we are cross compiling
configure:3137: gcc -o conftest     conftest.c  >&5
configure:3141: $? = 0
configure:3148: ./conftest
configure:3152: $? = 0
configure:3167: result: no
configure:3172: checking for suffix of object files
configure:3194: gcc -c    conftest.c >&5
configure:3198: $? = 0
configure:3219: result: o
configure:3223: checking whether we are using the GNU C compiler
configure:3242: gcc -c    conftest.c >&5
configure:3242: $? = 0
configure:3251: result: yes
configure:3260: checking whether gcc accepts -g
configure:3280: gcc -c -g  conftest.c >&5
configure:3280: $? = 0
configure:3321: result: yes
configure:3338: checking for gcc option to accept ISO C89
configure:3401: gcc  -c    conftest.c >&5
configure:3401: $? = 0
configure:3414: result: none needed
configure:3439: checking how to run the C preprocessor
configure:3470: gcc -E  conftest.c
configure:3470: $? = 0
configure:3484: gcc -E  conftest.c
conftest.c:14:10: fatal error: 'ac_nonexistent.h' file not found
#include <ac_nonexistent.h>
         ^~~~~~~~~~~~~~~~~~
1 error generated.
configure:3484: $? = 1
configure: failed program was:
| /* confdefs.h */
| #define PACKAGE_NAME ""
| #define PACKAGE_TARNAME ""
| #define PACKAGE_VERSION ""
| #define PACKAGE_STRING ""
| #define PACKAGE_BUGREPORT ""
| #define PACKAGE_URL ""
| #define VERSION_MAJOR 3
| #define VERSION_MINOR 0
| #define VERSION_POINT 32
| #define VERSION "3.0.32"
| #define CODE_STATUS "stable"
| /* end confdefs.h.  */
| #include <ac_nonexistent.h>
configure:3509: result: gcc -E
configure:3529: gcc -E  conftest.c
configure:3529: $? = 0
configure:3543: gcc -E  conftest.c
conftest.c:14:10: fatal error: 'ac_nonexistent.h' file not found
#include <ac_nonexistent.h>
         ^~~~~~~~~~~~~~~~~~
1 error generated.
configure:3543: $? = 1
configure: failed program was:
| /* confdefs.h */
| #define PACKAGE_NAME ""
| #define PACKAGE_TARNAME ""
| #define PACKAGE_VERSION ""
| #define PACKAGE_STRING ""
| #define PACKAGE_BUGREPORT ""
| #define PACKAGE_URL ""
| #define VERSION_MAJOR 3
| #define VERSION_MINOR 0
| #define VERSION_POINT 32
| #define VERSION "3.0.32"
| #define CODE_STATUS "stable"
| /* end confdefs.h.  */
| #include <ac_nonexistent.h>
configure:3585: checking for a BSD-compatible install
configure:3653: result: /usr/bin/install -c
configure:3664: checking whether ln -s works
configure:3668: result: yes
configure:3675: checking whether make sets $(MAKE)
configure:3697: result: yes
configure:3710: checking for gawk
configure:3740: result: no
configure:3710: checking for mawk
configure:3740: result: no
configure:3710: checking for nawk
configure:3740: result: no
configure:3710: checking for awk
configure:3726: found /usr/bin/awk
configure:3737: result: awk
configure:3751: checking for gdb
configure:3779: result: no
configure:3789: checking for groups
configure:3808: found /usr/bin/groups
configure:3821: result: /usr/bin/groups
configure:3831: checking for id
configure:3850: found /usr/bin/id
configure:3863: result: /usr/bin/id
configure:3925: WARNING: There is no user 'privoxy' on this system
configure:3928: checking for user
configure:3956: result: none specified
configure:3966: checking for group
configure:4002: result: none specified
configure:4186: checking for rpm
configure:4216: result: no
configure:4237: checking for openjade
configure:4267: result: no
configure:4237: checking for jade
configure:4267: result: no
configure:4282: checking for onsgmls
configure:4312: result: no
configure:4282: checking for nsgmls
configure:4312: result: no
configure:4327: checking for man2html
configure:4357: result: no
configure:4441: checking for grep that handles long lines and -e
configure:4499: result: /usr/bin/grep
configure:4504: checking for egrep
configure:4566: result: /usr/bin/grep -E
configure:4571: checking for ANSI C header files
configure:4591: gcc -c -pipe -O2 -DNDEBUG   conftest.c 1>&5
configure:4591: $? = 0
configure:4664: gcc -o conftest -pipe -O2 -DNDEBUG    conftest.c  1>&5
configure:4664: $? = 0
configure:4664: ./conftest
configure:4664: $? = 0
configure:4675: result: yes
configure:4688: checking for sys/types.h
configure:4688: gcc -c -pipe -O2 -DNDEBUG   conftest.c 1>&5
configure:4688: $? = 0
configure:4688: result: yes
configure:4688: checking for sys/stat.h
configure:4688: gcc -c -pipe -O2 -DNDEBUG   conftest.c 1>&5
configure:4688: $? = 0
configure:4688: result: yes
configure:4688: checking for stdlib.h
configure:4688: gcc -c -pipe -O2 -DNDEBUG   conftest.c 1>&5
configure:4688: $? = 0
configure:4688: result: yes
configure:4688: checking for string.h
configure:4688: gcc -c -pipe -O2 -DNDEBUG   conftest.c 1>&5
configure:4688: $? = 0
configure:4688: result: yes
configure:4688: checking for memory.h
configure:4688: gcc -c -pipe -O2 -DNDEBUG   conftest.c 1>&5
configure:4688: $? = 0
configure:4688: result: yes
configure:4688: checking for strings.h
configure:4688: gcc -c -pipe -O2 -DNDEBUG   conftest.c 1>&5
configure:4688: $? = 0
configure:4688: result: yes
configure:4688: checking for inttypes.h
configure:4688: gcc -c -pipe -O2 -DNDEBUG   conftest.c 1>&5
configure:4688: $? = 0
configure:4688: result: yes
configure:4688: checking for stdint.h
configure:4688: gcc -c -pipe -O2 -DNDEBUG   conftest.c 1>&5
configure:4688: $? = 0
configure:4688: result: yes
configure:4688: checking for unistd.h
configure:4688: gcc -c -pipe -O2 -DNDEBUG   conftest.c 1>&5
configure:4688: $? = 0
configure:4688: result: yes
configure:4700: checking pthread.h usability
configure:4700: gcc -c -pipe -O2 -DNDEBUG   conftest.c 1>&5
configure:4700: $? = 0
configure:4700: result: yes
configure:4700: checking pthread.h presence
configure:4700: gcc -E   conftest.c
configure:4700: $? = 0
configure:4700: result: yes
configure:4700: checking for pthread.h
configure:4700: result: yes
configure:4745: gcc -o conftest -pipe -O2 -DNDEBUG  -pthread   conftest.c  1>&5
configure:4745: $? = 0
configure:4787: checking for gethostbyname in -lnsl
configure:4812: gcc -o conftest -pipe -O2 -DNDEBUG    conftest.c -lnsl   1>&5
ld: library not found for -lnsl
clang: error: linker command failed with exit code 1 (use -v to see invocation)
configure:4812: $? = 1
configure: failed program was:
| /* confdefs.h */
| #define PACKAGE_NAME ""
| #define PACKAGE_TARNAME ""
| #define PACKAGE_VERSION ""
| #define PACKAGE_STRING ""
| #define PACKAGE_BUGREPORT ""
| #define PACKAGE_URL ""
| #define VERSION_MAJOR 3
| #define VERSION_MINOR 0
| #define VERSION_POINT 32
| #define VERSION "3.0.32"
| #define CODE_STATUS "stable"
| #define STDC_HEADERS 1
| #define HAVE_SYS_TYPES_H 1
| #define HAVE_SYS_STAT_H 1
| #define HAVE_STDLIB_H 1
| #define HAVE_STRING_H 1
| #define HAVE_MEMORY_H 1
| #define HAVE_STRINGS_H 1
| #define HAVE_INTTYPES_H 1
| #define HAVE_STDINT_H 1
| #define HAVE_UNISTD_H 1
| #define FEATURE_PTHREAD 1
| /* end confdefs.h.  */
| 
| /* Override any GCC internal prototype to avoid an error.
|    Use char because int might match the return type of a GCC
|    builtin and then its argument prototype would still apply.  */
| #ifdef __cplusplus
| extern "C"
| #endif
| char gethostbyname ();
| int
| main ()
| {
| return gethostbyname ();
|   ;
|   return 0;
| }
configure:4821: result: no
configure:4833: checking for gethostbyaddr_r
configure:4833: gcc -o conftest -pipe -O2 -DNDEBUG    conftest.c  1>&5
Undefined symbols for architecture x86_64:
  "_gethostbyaddr_r", referenced from:
      _main in conftest-7a04d9.o
ld: symbol(s) not found for architecture x86_64
clang: error: linker command failed with exit code 1 (use -v to see invocation)
configure:4833: $? = 1
configure: failed program was:
| /* confdefs.h */
| #define PACKAGE_NAME ""
| #define PACKAGE_TARNAME ""
| #define PACKAGE_VERSION ""
| #define PACKAGE_STRING ""
| #define PACKAGE_BUGREPORT ""
| #define PACKAGE_URL ""
| #define VERSION_MAJOR 3
| #define VERSION_MINOR 0
| #define VERSION_POINT 32
| #define VERSION "3.0.32"
| #define CODE_STATUS "stable"
| #define STDC_HEADERS 1
| #define HAVE_SYS_TYPES_H 1
| #define HAVE_SYS_STAT_H 1
| #define HAVE_STDLIB_H 1
| #define HAVE_STRING_H 1
| #define HAVE_MEMORY_H 1
| #define HAVE_STRINGS_H 1
| #define HAVE_INTTYPES_H 1
| #define HAVE_STDINT_H 1
| #define HAVE_UNISTD_H 1
| #define FEATURE_PTHREAD 1
| /* end confdefs.h.  */
| /* Define gethostbyaddr_r to an innocuous variant, in case <limits.h> declares gethostbyaddr_r.
|    For example, HP-UX 11i <limits.h> declares gettimeofday.  */
| #define gethostbyaddr_r innocuous_gethostbyaddr_r
| 
| /* System header to define __stub macros and hopefully few prototypes,
|     which can conflict with char gethostbyaddr_r (); below.
|     Prefer <limits.h> to <assert.h> if __STDC__ is defined, since
|     <limits.h> exists even on freestanding compilers.  */
| 
| #ifdef __STDC__
| # include <limits.h>
| #else
| # include <assert.h>
| #endif
| 
| #undef gethostbyaddr_r
| 
| /* Override any GCC internal prototype to avoid an error.
|    Use char because int might match the return type of a GCC
|    builtin and then its argument prototype would still apply.  */
| #ifdef __cplusplus
| extern "C"
| #endif
| char gethostbyaddr_r ();
| /* The GNU C library defines this for functions which it implements
|     to always fail with ENOSYS.  Some functions are actually named
|     something starting with __ and the normal name is an alias.  */
| #if defined __stub_gethostbyaddr_r || defined __stub___gethostbyaddr_r
| choke me
| #endif
| 
| int
| main ()
| {
| return gethostbyaddr_r ();
|   ;
|   return 0;
| }
configure:4833: result: no
configure:4934: result: no
configure:4940: checking for gethostbyname_r
configure:4940: gcc -o conftest -pipe -O2 -DNDEBUG    conftest.c  1>&5
Undefined symbols for architecture x86_64:
  "_gethostbyname_r", referenced from:
      _main in conftest-263846.o
ld: symbol(s) not found for architecture x86_64
clang: error: linker command failed with exit code 1 (use -v to see invocation)
configure:4940: $? = 1
configure: failed program was:
| /* confdefs.h */
| #define PACKAGE_NAME ""
| #define PACKAGE_TARNAME ""
| #define PACKAGE_VERSION ""
| #define PACKAGE_STRING ""
| #define PACKAGE_BUGREPORT ""
| #define PACKAGE_URL ""
| #define VERSION_MAJOR 3
| #define VERSION_MINOR 0
| #define VERSION_POINT 32
| #define VERSION "3.0.32"
| #define CODE_STATUS "stable"
| #define STDC_HEADERS 1
| #define HAVE_SYS_TYPES_H 1
| #define HAVE_SYS_STAT_H 1
| #define HAVE_STDLIB_H 1
| #define HAVE_STRING_H 1
| #define HAVE_MEMORY_H 1
| #define HAVE_STRINGS_H 1
| #define HAVE_INTTYPES_H 1
| #define HAVE_STDINT_H 1
| #define HAVE_UNISTD_H 1
| #define FEATURE_PTHREAD 1
| /* end confdefs.h.  */
| /* Define gethostbyname_r to an innocuous variant, in case <limits.h> declares gethostbyname_r.
|    For example, HP-UX 11i <limits.h> declares gettimeofday.  */
| #define gethostbyname_r innocuous_gethostbyname_r
| 
| /* System header to define __stub macros and hopefully few prototypes,
|     which can conflict with char gethostbyname_r (); below.
|     Prefer <limits.h> to <assert.h> if __STDC__ is defined, since
|     <limits.h> exists even on freestanding compilers.  */
| 
| #ifdef __STDC__
| # include <limits.h>
| #else
| # include <assert.h>
| #endif
| 
| #undef gethostbyname_r
| 
| /* Override any GCC internal prototype to avoid an error.
|    Use char because int might match the return type of a GCC
|    builtin and then its argument prototype would still apply.  */
| #ifdef __cplusplus
| extern "C"
| #endif
| char gethostbyname_r ();
| /* The GNU C library defines this for functions which it implements
|     to always fail with ENOSYS.  Some functions are actually named
|     something starting with __ and the normal name is an alias.  */
| #if defined __stub_gethostbyname_r || defined __stub___gethostbyname_r
| choke me
| #endif
| 
| int
| main ()
| {
| return gethostbyname_r ();
|   ;
|   return 0;
| }
configure:4940: result: no
configure:5040: result: no
configure:5046: checking for gmtime_r
configure:5046: gcc -o conftest -pipe -O2 -DNDEBUG    conftest.c  1>&5
configure:5046: $? = 0
configure:5046: result: yes
configure:5049: checking signature of gmtime_r
configure:5068: gcc -c -pipe -O2 -DNDEBUG   conftest.c 1>&5
conftest.c:34:21: warning: incompatible pointer types passing 'struct time *' to parameter of type 'const time_t *' (aka 'const long *') [-Wincompatible-pointer-types]
    (void) gmtime_r(t, tm)
                    ^
/Applications/Xcode.app/Contents/Developer/Platforms/MacOSX.platform/Developer/SDKs/MacOSX.sdk/usr/include/time.h:127:46: note: passing argument to parameter here
struct tm *gmtime_r(const time_t * __restrict, struct tm * __restrict);
                                             ^
1 warning generated.
configure:5068: $? = 0
configure:5070: result: ok
configure:5091: checking for localtime_r
configure:5091: gcc -o conftest -pipe -O2 -DNDEBUG    conftest.c  1>&5
configure:5091: $? = 0
configure:5091: result: yes
configure:5094: checking signature of localtime_r
configure:5113: gcc -c -pipe -O2 -DNDEBUG   conftest.c 1>&5
conftest.c:35:24: warning: incompatible pointer types passing 'struct time *' to parameter of type 'const time_t *' (aka 'const long *') [-Wincompatible-pointer-types]
    (void) localtime_r(t, tm)
                       ^
/Applications/Xcode.app/Contents/Developer/Platforms/MacOSX.platform/Developer/SDKs/MacOSX.sdk/usr/include/time.h:128:49: note: passing argument to parameter here
struct tm *localtime_r(const time_t * __restrict, struct tm * __restrict);
                                                ^
1 warning generated.
configure:5113: $? = 0
configure:5115: result: ok
configure:5162: checking for socklen_t
configure:5171: result: yes
configure:5217: checking for ANSI C header files
configure:5321: result: yes
configure:5332: checking for dirent.h that defines DIR
configure:5351: gcc -c -pipe -O2 -DNDEBUG   conftest.c 1>&5
configure:5351: $? = 0
configure:5359: result: yes
configure:5372: checking for library containing opendir
configure:5403: gcc -o conftest -pipe -O2 -DNDEBUG    conftest.c  1>&5
configure:5403: $? = 0
configure:5420: result: none required
configure:5487: checking for an ANSI C-conforming const
configure:5553: gcc -c -pipe -O2 -DNDEBUG   conftest.c 1>&5
configure:5553: $? = 0
configure:5560: result: yes
configure:5568: checking for size_t
configure:5568: gcc -c -pipe -O2 -DNDEBUG   conftest.c 1>&5
configure:5568: $? = 0
configure:5568: gcc -c -pipe -O2 -DNDEBUG   conftest.c 1>&5
conftest.c:65:21: error: expected expression
if (sizeof ((size_t)))
                    ^
1 error generated.
configure:5568: $? = 1
configure: failed program was:
| /* confdefs.h */
| #define PACKAGE_NAME ""
| #define PACKAGE_TARNAME ""
| #define PACKAGE_VERSION ""
| #define PACKAGE_STRING ""
| #define PACKAGE_BUGREPORT ""
| #define PACKAGE_URL ""
| #define VERSION_MAJOR 3
| #define VERSION_MINOR 0
| #define VERSION_POINT 32
| #define VERSION "3.0.32"
| #define CODE_STATUS "stable"
| #define STDC_HEADERS 1
| #define HAVE_SYS_TYPES_H 1
| #define HAVE_SYS_STAT_H 1
| #define HAVE_STDLIB_H 1
| #define HAVE_STRING_H 1
| #define HAVE_MEMORY_H 1
| #define HAVE_STRINGS_H 1
| #define HAVE_INTTYPES_H 1
| #define HAVE_STDINT_H 1
| #define HAVE_UNISTD_H 1
| #define FEATURE_PTHREAD 1
| #define HAVE_GMTIME_R 1
| #define HAVE_LOCALTIME_R 1
| #define STDC_HEADERS 1
| #define HAVE_DIRENT_H 1
| /* end confdefs.h.  */
| #include <stdio.h>
| #ifdef HAVE_SYS_TYPES_H
| # include <sys/types.h>
| #endif
| #ifdef HAVE_SYS_STAT_H
| # include <sys/stat.h>
| #endif
| #ifdef STDC_HEADERS
| # include <stdlib.h>
| # include <stddef.h>
| #else
| # ifdef HAVE_STDLIB_H
| #  include <stdlib.h>
| # endif
| #endif
| #ifdef HAVE_STRING_H
| # if !defined STDC_HEADERS && defined HAVE_MEMORY_H
| #  include <memory.h>
| # endif
| # include <string.h>
| #endif
| #ifdef HAVE_STRINGS_H
| # include <strings.h>
| #endif
| #ifdef HAVE_INTTYPES_H
| # include <inttypes.h>
| #endif
| #ifdef HAVE_STDINT_H
| # include <stdint.h>
| #endif
| #ifdef HAVE_UNISTD_H
| # include <unistd.h>
| #endif
| int
| main ()
| {
| if (sizeof ((size_t)))
| 	    return 0;
|   ;
|   return 0;
| }
configure:5568: result: yes
configure:5579: checking for pid_t
configure:5579: gcc -c -pipe -O2 -DNDEBUG   conftest.c 1>&5
configure:5579: $? = 0
configure:5579: gcc -c -pipe -O2 -DNDEBUG   conftest.c 1>&5
conftest.c:65:20: error: expected expression
if (sizeof ((pid_t)))
                   ^
1 error generated.
configure:5579: $? = 1
configure: failed program was:
| /* confdefs.h */
| #define PACKAGE_NAME ""
| #define PACKAGE_TARNAME ""
| #define PACKAGE_VERSION ""
| #define PACKAGE_STRING ""
| #define PACKAGE_BUGREPORT ""
| #define PACKAGE_URL ""
| #define VERSION_MAJOR 3
| #define VERSION_MINOR 0
| #define VERSION_POINT 32
| #define VERSION "3.0.32"
| #define CODE_STATUS "stable"
| #define STDC_HEADERS 1
| #define HAVE_SYS_TYPES_H 1
| #define HAVE_SYS_STAT_H 1
| #define HAVE_STDLIB_H 1
| #define HAVE_STRING_H 1
| #define HAVE_MEMORY_H 1
| #define HAVE_STRINGS_H 1
| #define HAVE_INTTYPES_H 1
| #define HAVE_STDINT_H 1
| #define HAVE_UNISTD_H 1
| #define FEATURE_PTHREAD 1
| #define HAVE_GMTIME_R 1
| #define HAVE_LOCALTIME_R 1
| #define STDC_HEADERS 1
| #define HAVE_DIRENT_H 1
| /* end confdefs.h.  */
| #include <stdio.h>
| #ifdef HAVE_SYS_TYPES_H
| # include <sys/types.h>
| #endif
| #ifdef HAVE_SYS_STAT_H
| # include <sys/stat.h>
| #endif
| #ifdef STDC_HEADERS
| # include <stdlib.h>
| # include <stddef.h>
| #else
| # ifdef HAVE_STDLIB_H
| #  include <stdlib.h>
| # endif
| #endif
| #ifdef HAVE_STRING_H
| # if !defined STDC_HEADERS && defined HAVE_MEMORY_H
| #  include <memory.h>
| # endif
| # include <string.h>
| #endif
| #ifdef HAVE_STRINGS_H
| # include <strings.h>
| #endif
| #ifdef HAVE_INTTYPES_H
| # include <inttypes.h>
| #endif
| #ifdef HAVE_STDINT_H
| # include <stdint.h>
| #endif
| #ifdef HAVE_UNISTD_H
| # include <unistd.h>
| #endif
| int
| main ()
| {
| if (sizeof ((pid_t)))
| 	    return 0;
|   ;
|   return 0;
| }
configure:5579: result: yes
configure:5590: checking whether time.h and sys/time.h may both be included
configure:5610: gcc -c -pipe -O2 -DNDEBUG   conftest.c 1>&5
configure:5610: $? = 0
configure:5617: result: yes
configure:5625: checking whether struct tm is in sys/time.h or time.h
configure:5645: gcc -c -pipe -O2 -DNDEBUG   conftest.c 1>&5
configure:5645: $? = 0
configure:5652: result: time.h
configure:5664: checking size of int
configure:5669: gcc -o conftest -pipe -O2 -DNDEBUG    conftest.c  1>&5
configure:5669: $? = 0
configure:5669: ./conftest
configure:5669: $? = 0
configure:5683: result: 4
configure:5697: checking size of char *
configure:5702: gcc -o conftest -pipe -O2 -DNDEBUG    conftest.c  1>&5
configure:5702: $? = 0
configure:5702: ./conftest
configure:5702: $? = 0
configure:5716: result: 8
configure:5730: checking size of long
configure:5735: gcc -o conftest -pipe -O2 -DNDEBUG    conftest.c  1>&5
configure:5735: $? = 0
configure:5735: ./conftest
configure:5735: $? = 0
configure:5749: result: 8
configure:5763: checking size of long long
configure:5768: gcc -o conftest -pipe -O2 -DNDEBUG    conftest.c  1>&5
configure:5768: $? = 0
configure:5768: ./conftest
configure:5768: $? = 0
configure:5782: result: 8
configure:5796: checking size of size_t
configure:5801: gcc -o conftest -pipe -O2 -DNDEBUG    conftest.c  1>&5
configure:5801: $? = 0
configure:5801: ./conftest
configure:5801: $? = 0
configure:5815: result: 8
configure:5829: checking size of time_t
configure:5834: gcc -o conftest -pipe -O2 -DNDEBUG    conftest.c  1>&5
configure:5834: $? = 0
configure:5834: ./conftest
configure:5834: $? = 0
configure:5848: result: 8
configure:5880: checking OS.h usability
configure:5880: gcc -c -pipe -O2 -DNDEBUG   conftest.c 1>&5
conftest.c:69:10: fatal error: 'OS.h' file not found
#include <OS.h>
         ^~~~~~
1 error generated.
configure:5880: $? = 1
configure: failed program was:
| /* confdefs.h */
| #define PACKAGE_NAME ""
| #define PACKAGE_TARNAME ""
| #define PACKAGE_VERSION ""
| #define PACKAGE_STRING ""
| #define PACKAGE_BUGREPORT ""
| #define PACKAGE_URL ""
| #define VERSION_MAJOR 3
| #define VERSION_MINOR 0
| #define VERSION_POINT 32
| #define VERSION "3.0.32"
| #define CODE_STATUS "stable"
| #define STDC_HEADERS 1
| #define HAVE_SYS_TYPES_H 1
| #define HAVE_SYS_STAT_H 1
| #define HAVE_STDLIB_H 1
| #define HAVE_STRING_H 1
| #define HAVE_MEMORY_H 1
| #define HAVE_STRINGS_H 1
| #define HAVE_INTTYPES_H 1
| #define HAVE_STDINT_H 1
| #define HAVE_UNISTD_H 1
| #define FEATURE_PTHREAD 1
| #define HAVE_GMTIME_R 1
| #define HAVE_LOCALTIME_R 1
| #define STDC_HEADERS 1
| #define HAVE_DIRENT_H 1
| #define TIME_WITH_SYS_TIME 1
| #define SIZEOF_INT 4
| #define SIZEOF_CHAR_P 8
| #define SIZEOF_LONG 8
| #define SIZEOF_LONG_LONG 8
| #define SIZEOF_SIZE_T 8
| #define SIZEOF_TIME_T 8
| /* end confdefs.h.  */
| #include <stdio.h>
| #ifdef HAVE_SYS_TYPES_H
| # include <sys/types.h>
| #endif
| #ifdef HAVE_SYS_STAT_H
| # include <sys/stat.h>
| #endif
| #ifdef STDC_HEADERS
| # include <stdlib.h>
| # include <stddef.h>
| #else
| # ifdef HAVE_STDLIB_H
| #  include <stdlib.h>
| # endif
| #endif
| #ifdef HAVE_STRING_H
| # if !defined STDC_HEADERS && defined HAVE_MEMORY_H
| #  include <memory.h>
| # endif
| # include <string.h>
| #endif
| #ifdef HAVE_STRINGS_H
| # include <strings.h>
| #endif
| #ifdef HAVE_INTTYPES_H
| # include <inttypes.h>
| #endif
| #ifdef HAVE_STDINT_H
| # include <stdint.h>
| #endif
| #ifdef HAVE_UNISTD_H
| # include <unistd.h>
| #endif
| #include <OS.h>
configure:5880: result: no
configure:5880: checking OS.h presence
configure:5880: gcc -E  -Dunix conftest.c
conftest.c:36:10: fatal error: 'OS.h' file not found
#include <OS.h>
         ^~~~~~
1 error generated.
configure:5880: $? = 1
configure: failed program was:
| /* confdefs.h */
| #define PACKAGE_NAME ""
| #define PACKAGE_TARNAME ""
| #define PACKAGE_VERSION ""
| #define PACKAGE_STRING ""
| #define PACKAGE_BUGREPORT ""
| #define PACKAGE_URL ""
| #define VERSION_MAJOR 3
| #define VERSION_MINOR 0
| #define VERSION_POINT 32
| #define VERSION "3.0.32"
| #define CODE_STATUS "stable"
| #define STDC_HEADERS 1
| #define HAVE_SYS_TYPES_H 1
| #define HAVE_SYS_STAT_H 1
| #define HAVE_STDLIB_H 1
| #define HAVE_STRING_H 1
| #define HAVE_MEMORY_H 1
| #define HAVE_STRINGS_H 1
| #define HAVE_INTTYPES_H 1
| #define HAVE_STDINT_H 1
| #define HAVE_UNISTD_H 1
| #define FEATURE_PTHREAD 1
| #define HAVE_GMTIME_R 1
| #define HAVE_LOCALTIME_R 1
| #define STDC_HEADERS 1
| #define HAVE_DIRENT_H 1
| #define TIME_WITH_SYS_TIME 1
| #define SIZEOF_INT 4
| #define SIZEOF_CHAR_P 8
| #define SIZEOF_LONG 8
| #define SIZEOF_LONG_LONG 8
| #define SIZEOF_SIZE_T 8
| #define SIZEOF_TIME_T 8
| /* end confdefs.h.  */
| #include <OS.h>
configure:5880: result: no
configure:5880: checking for OS.h
configure:5880: result: no
configure:5880: checking arpa/inet.h usability
configure:5880: gcc -c -pipe -O2 -DNDEBUG   conftest.c 1>&5
configure:5880: $? = 0
configure:5880: result: yes
configure:5880: checking arpa/inet.h presence
configure:5880: gcc -E  -Dunix conftest.c
configure:5880: $? = 0
configure:5880: result: yes
configure:5880: checking for arpa/inet.h
configure:5880: result: yes
configure:5880: checking errno.h usability
configure:5880: gcc -c -pipe -O2 -DNDEBUG   conftest.c 1>&5
configure:5880: $? = 0
configure:5880: result: yes
configure:5880: checking errno.h presence
configure:5880: gcc -E  -Dunix conftest.c
configure:5880: $? = 0
configure:5880: result: yes
configure:5880: checking for errno.h
configure:5880: result: yes
configure:5880: checking fcntl.h usability
configure:5880: gcc -c -pipe -O2 -DNDEBUG   conftest.c 1>&5
configure:5880: $? = 0
configure:5880: result: yes
configure:5880: checking fcntl.h presence
configure:5880: gcc -E  -Dunix conftest.c
configure:5880: $? = 0
configure:5880: result: yes
configure:5880: checking for fcntl.h
configure:5880: result: yes
configure:5880: checking limits.h usability
configure:5880: gcc -c -pipe -O2 -DNDEBUG   conftest.c 1>&5
configure:5880: $? = 0
configure:5880: result: yes
configure:5880: checking limits.h presence
configure:5880: gcc -E  -Dunix conftest.c
configure:5880: $? = 0
configure:5880: result: yes
configure:5880: checking for limits.h
configure:5880: result: yes
configure:5880: checking locale.h usability
configure:5880: gcc -c -pipe -O2 -DNDEBUG   conftest.c 1>&5
configure:5880: $? = 0
configure:5880: result: yes
configure:5880: checking locale.h presence
configure:5880: gcc -E  -Dunix conftest.c
configure:5880: $? = 0
configure:5880: result: yes
configure:5880: checking for locale.h
configure:5880: result: yes
configure:5880: checking netdb.h usability
configure:5880: gcc -c -pipe -O2 -DNDEBUG   conftest.c 1>&5
configure:5880: $? = 0
configure:5880: result: yes
configure:5880: checking netdb.h presence
configure:5880: gcc -E  -Dunix conftest.c
configure:5880: $? = 0
configure:5880: result: yes
configure:5880: checking for netdb.h
configure:5880: result: yes
configure:5880: checking netinet/in.h usability
configure:5880: gcc -c -pipe -O2 -DNDEBUG   conftest.c 1>&5
configure:5880: $? = 0
configure:5880: result: yes
configure:5880: checking netinet/in.h presence
configure:5880: gcc -E  -Dunix conftest.c
configure:5880: $? = 0
configure:5880: result: yes
configure:5880: checking for netinet/in.h
configure:5880: result: yes
configure:5880: checking stddef.h usability
configure:5880: gcc -c -pipe -O2 -DNDEBUG   conftest.c 1>&5
configure:5880: $? = 0
configure:5880: result: yes
configure:5880: checking stddef.h presence
configure:5880: gcc -E  -Dunix conftest.c
configure:5880: $? = 0
configure:5880: result: yes
configure:5880: checking for stddef.h
configure:5880: result: yes
configure:5880: checking for stdlib.h
configure:5880: result: yes
configure:5880: checking for string.h
configure:5880: result: yes
configure:5880: checking sys/ioctl.h usability
configure:5880: gcc -c -pipe -O2 -DNDEBUG   conftest.c 1>&5
configure:5880: $? = 0
configure:5880: result: yes
configure:5880: checking sys/ioctl.h presence
configure:5880: gcc -E  -Dunix conftest.c
configure:5880: $? = 0
configure:5880: result: yes
configure:5880: checking for sys/ioctl.h
configure:5880: result: yes
configure:5880: checking sys/socket.h usability
configure:5880: gcc -c -pipe -O2 -DNDEBUG   conftest.c 1>&5
configure:5880: $? = 0
configure:5880: result: yes
configure:5880: checking sys/socket.h presence
configure:5880: gcc -E  -Dunix conftest.c
configure:5880: $? = 0
configure:5880: result: yes
configure:5880: checking for sys/socket.h
configure:5880: result: yes
configure:5880: checking sys/time.h usability
configure:5880: gcc -c -pipe -O2 -DNDEBUG   conftest.c 1>&5
configure:5880: $? = 0
configure:5880: result: yes
configure:5880: checking sys/time.h presence
configure:5880: gcc -E  -Dunix conftest.c
configure:5880: $? = 0
configure:5880: result: yes
configure:5880: checking for sys/time.h
configure:5880: result: yes
configure:5880: checking sys/timeb.h usability
configure:5880: gcc -c -pipe -O2 -DNDEBUG   conftest.c 1>&5
configure:5880: $? = 0
configure:5880: result: yes
configure:5880: checking sys/timeb.h presence
configure:5880: gcc -E  -Dunix conftest.c
configure:5880: $? = 0
configure:5880: result: yes
configure:5880: checking for sys/timeb.h
configure:5880: result: yes
configure:5880: checking sys/wait.h usability
configure:5880: gcc -c -pipe -O2 -DNDEBUG   conftest.c 1>&5
configure:5880: $? = 0
configure:5880: result: yes
configure:5880: checking sys/wait.h presence
configure:5880: gcc -E  -Dunix conftest.c
configure:5880: $? = 0
configure:5880: result: yes
configure:5880: checking for sys/wait.h
configure:5880: result: yes
configure:5880: checking for unistd.h
configure:5880: result: yes
configure:5893: checking for bcopy
configure:5893: gcc -o conftest -pipe -O2 -DNDEBUG    conftest.c  1>&5
configure:5893: $? = 0
configure:5893: result: yes
configure:5903: checking whether gcc needs -traditional
conftest.c:53:10: fatal error: 'termio.h' file not found
#include <termio.h>
         ^~~~~~~~~~
1 error generated.
configure:5937: result: no
configure:5944: checking return type of signal handlers
configure:5962: gcc -c -pipe -O2 -DNDEBUG   conftest.c 1>&5
conftest.c:59:8: error: indirection requires pointer operand ('void' invalid)
return *(signal (0, 0)) (0) == 1;
       ^~~~~~~~~~~~~~~~~~~~
1 error generated.
configure:5962: $? = 1
configure: failed program was:
| /* confdefs.h */
| #define PACKAGE_NAME ""
| #define PACKAGE_TARNAME ""
| #define PACKAGE_VERSION ""
| #define PACKAGE_STRING ""
| #define PACKAGE_BUGREPORT ""
| #define PACKAGE_URL ""
| #define VERSION_MAJOR 3
| #define VERSION_MINOR 0
| #define VERSION_POINT 32
| #define VERSION "3.0.32"
| #define CODE_STATUS "stable"
| #define STDC_HEADERS 1
| #define HAVE_SYS_TYPES_H 1
| #define HAVE_SYS_STAT_H 1
| #define HAVE_STDLIB_H 1
| #define HAVE_STRING_H 1
| #define HAVE_MEMORY_H 1
| #define HAVE_STRINGS_H 1
| #define HAVE_INTTYPES_H 1
| #define HAVE_STDINT_H 1
| #define HAVE_UNISTD_H 1
| #define FEATURE_PTHREAD 1
| #define HAVE_GMTIME_R 1
| #define HAVE_LOCALTIME_R 1
| #define STDC_HEADERS 1
| #define HAVE_DIRENT_H 1
| #define TIME_WITH_SYS_TIME 1
| #define SIZEOF_INT 4
| #define SIZEOF_CHAR_P 8
| #define SIZEOF_LONG 8
| #define SIZEOF_LONG_LONG 8
| #define SIZEOF_SIZE_T 8
| #define SIZEOF_TIME_T 8
| #define HAVE_ARPA_INET_H 1
| #define HAVE_ERRNO_H 1
| #define HAVE_FCNTL_H 1
| #define HAVE_LIMITS_H 1
| #define HAVE_LOCALE_H 1
| #define HAVE_NETDB_H 1
| #define HAVE_NETINET_IN_H 1
| #define HAVE_STDDEF_H 1
| #define HAVE_STDLIB_H 1
| #define HAVE_STRING_H 1
| #define HAVE_SYS_IOCTL_H 1
| #define HAVE_SYS_SOCKET_H 1
| #define HAVE_SYS_TIME_H 1
| #define HAVE_SYS_TIMEB_H 1
| #define HAVE_SYS_WAIT_H 1
| #define HAVE_UNISTD_H 1
| #define HAVE_BCOPY 1
| /* end confdefs.h.  */
| #include <sys/types.h>
| #include <signal.h>
| 
| int
| main ()
| {
| return *(signal (0, 0)) (0) == 1;
|   ;
|   return 0;
| }
configure:5969: result: void
configure:6015: checking for access
configure:6015: gcc -o conftest -pipe -O2 -DNDEBUG    conftest.c  1>&5
configure:6015: $? = 0
configure:6015: result: yes
configure:6015: checking for arc4random
configure:6015: gcc -o conftest -pipe -O2 -DNDEBUG    conftest.c  1>&5
configure:6015: $? = 0
configure:6015: result: yes
configure:6015: checking for atexit
configure:6015: gcc -o conftest -pipe -O2 -DNDEBUG    conftest.c  1>&5
configure:6015: $? = 0
configure:6015: result: yes
configure:6015: checking for calloc
configure:6015: gcc -o conftest -pipe -O2 -DNDEBUG    conftest.c  1>&5
conftest.c:80:6: warning: incompatible redeclaration of library function 'calloc' [-Wincompatible-library-redeclaration]
char calloc ();
     ^
conftest.c:80:6: note: 'calloc' is a builtin with type 'void *(unsigned long, unsigned long)'
1 warning generated.
configure:6015: $? = 0
configure:6015: result: yes
configure:6015: checking for getcwd
configure:6015: gcc -o conftest -pipe -O2 -DNDEBUG    conftest.c  1>&5
configure:6015: $? = 0
configure:6015: result: yes
configure:6015: checking for gethostbyaddr
configure:6015: gcc -o conftest -pipe -O2 -DNDEBUG    conftest.c  1>&5
configure:6015: $? = 0
configure:6015: result: yes
configure:6015: checking for gethostbyaddr_r
configure:6015: result: no
configure:6015: checking for gethostbyname
configure:6015: gcc -o conftest -pipe -O2 -DNDEBUG    conftest.c  1>&5
configure:6015: $? = 0
configure:6015: result: yes
configure:6015: checking for gethostbyname_r
configure:6015: result: no
configure:6015: checking for gettimeofday
configure:6015: gcc -o conftest -pipe -O2 -DNDEBUG    conftest.c  1>&5
configure:6015: $? = 0
configure:6015: result: yes
configure:6015: checking for inet_ntoa
configure:6015: gcc -o conftest -pipe -O2 -DNDEBUG    conftest.c  1>&5
configure:6015: $? = 0
configure:6015: result: yes
configure:6015: checking for memchr
configure:6015: gcc -o conftest -pipe -O2 -DNDEBUG    conftest.c  1>&5
conftest.c:86:6: warning: incompatible redeclaration of library function 'memchr' [-Wincompatible-library-redeclaration]
char memchr ();
     ^
conftest.c:86:6: note: 'memchr' is a builtin with type 'void *(const void *, int, unsigned long)'
1 warning generated.
configure:6015: $? = 0
configure:6015: result: yes
configure:6015: checking for memmove
configure:6015: gcc -o conftest -pipe -O2 -DNDEBUG    conftest.c  1>&5
conftest.c:87:6: warning: incompatible redeclaration of library function 'memmove' [-Wincompatible-library-redeclaration]
char memmove ();
     ^
conftest.c:87:6: note: 'memmove' is a builtin with type 'void *(void *, const void *, unsigned long)'
1 warning generated.
configure:6015: $? = 0
configure:6015: result: yes
configure:6015: checking for memset
configure:6015: gcc -o conftest -pipe -O2 -DNDEBUG    conftest.c  1>&5
conftest.c:88:6: warning: incompatible redeclaration of library function 'memset' [-Wincompatible-library-redeclaration]
char memset ();
     ^
conftest.c:88:6: note: 'memset' is a builtin with type 'void *(void *, int, unsigned long)'
1 warning generated.
configure:6015: $? = 0
configure:6015: result: yes
configure:6015: checking for nanosleep
configure:6015: gcc -o conftest -pipe -O2 -DNDEBUG    conftest.c  1>&5
configure:6015: $? = 0
configure:6015: result: yes
configure:6015: checking for poll
configure:6015: gcc -o conftest -pipe -O2 -DNDEBUG    conftest.c  1>&5
configure:6015: $? = 0
configure:6015: result: yes
configure:6015: checking for putenv
configure:6015: gcc -o conftest -pipe -O2 -DNDEBUG    conftest.c  1>&5
configure:6015: $? = 0
configure:6015: result: yes
configure:6015: checking for random
configure:6015: gcc -o conftest -pipe -O2 -DNDEBUG    conftest.c  1>&5
configure:6015: $? = 0
configure:6015: result: yes
configure:6015: checking for regcomp
configure:6015: gcc -o conftest -pipe -O2 -DNDEBUG    conftest.c  1>&5
configure:6015: $? = 0
configure:6015: result: yes
configure:6015: checking for select
configure:6015: gcc -o conftest -pipe -O2 -DNDEBUG    conftest.c  1>&5
configure:6015: $? = 0
configure:6015: result: yes
configure:6015: checking for setlocale
configure:6015: gcc -o conftest -pipe -O2 -DNDEBUG    conftest.c  1>&5
configure:6015: $? = 0
configure:6015: result: yes
configure:6015: checking for shutdown
configure:6015: gcc -o conftest -pipe -O2 -DNDEBUG    conftest.c  1>&5
configure:6015: $? = 0
configure:6015: result: yes
configure:6015: checking for snprintf
configure:6015: gcc -o conftest -pipe -O2 -DNDEBUG    conftest.c  1>&5
conftest.c:97:6: warning: incompatible redeclaration of library function 'snprintf' [-Wincompatible-library-redeclaration]
char snprintf ();
     ^
conftest.c:97:6: note: 'snprintf' is a builtin with type 'int (char *, unsigned long, const char *, ...)'
1 warning generated.
configure:6015: $? = 0
configure:6015: result: yes
configure:6015: checking for socket
configure:6015: gcc -o conftest -pipe -O2 -DNDEBUG    conftest.c  1>&5
configure:6015: $? = 0
configure:6015: result: yes
configure:6015: checking for strchr
configure:6015: gcc -o conftest -pipe -O2 -DNDEBUG    conftest.c  1>&5
conftest.c:99:6: warning: incompatible redeclaration of library function 'strchr' [-Wincompatible-library-redeclaration]
char strchr ();
     ^
conftest.c:99:6: note: 'strchr' is a builtin with type 'char *(const char *, int)'
1 warning generated.
configure:6015: $? = 0
configure:6015: result: yes
configure:6015: checking for strdup
configure:6015: gcc -o conftest -pipe -O2 -DNDEBUG    conftest.c  1>&5
conftest.c:100:6: warning: incompatible redeclaration of library function 'strdup' [-Wincompatible-library-redeclaration]
char strdup ();
     ^
conftest.c:100:6: note: 'strdup' is a builtin with type 'char *(const char *)'
1 warning generated.
configure:6015: $? = 0
configure:6015: result: yes
configure:6015: checking for strerror
configure:6015: gcc -o conftest -pipe -O2 -DNDEBUG    conftest.c  1>&5
conftest.c:101:6: warning: incompatible redeclaration of library function 'strerror' [-Wincompatible-library-redeclaration]
char strerror ();
     ^
conftest.c:101:6: note: 'strerror' is a builtin with type 'char *(int)'
1 warning generated.
configure:6015: $? = 0
configure:6015: result: yes
configure:6015: checking for strftime
configure:6015: gcc -o conftest -pipe -O2 -DNDEBUG    conftest.c  1>&5
configure:6015: $? = 0
configure:6015: result: yes
configure:6015: checking for strlcat
configure:6015: gcc -o conftest -pipe -O2 -DNDEBUG    conftest.c  1>&5
conftest.c:103:6: warning: incompatible redeclaration of library function 'strlcat' [-Wincompatible-library-redeclaration]
char strlcat ();
     ^
conftest.c:103:6: note: 'strlcat' is a builtin with type 'unsigned long (char *, const char *, unsigned long)'
1 warning generated.
configure:6015: $? = 0
configure:6015: result: yes
configure:6015: checking for strlcpy
configure:6015: gcc -o conftest -pipe -O2 -DNDEBUG    conftest.c  1>&5
conftest.c:104:6: warning: incompatible redeclaration of library function 'strlcpy' [-Wincompatible-library-redeclaration]
char strlcpy ();
     ^
conftest.c:104:6: note: 'strlcpy' is a builtin with type 'unsigned long (char *, const char *, unsigned long)'
1 warning generated.
configure:6015: $? = 0
configure:6015: result: yes
configure:6015: checking for strptime
configure:6015: gcc -o conftest -pipe -O2 -DNDEBUG    conftest.c  1>&5
configure:6015: $? = 0
configure:6015: result: yes
configure:6015: checking for strtoul
configure:6015: gcc -o conftest -pipe -O2 -DNDEBUG    conftest.c  1>&5
conftest.c:106:6: warning: incompatible redeclaration of library function 'strtoul' [-Wincompatible-library-redeclaration]
char strtoul ();
     ^
conftest.c:106:6: note: 'strtoul' is a builtin with type 'unsigned long (const char *, char **, int)'
1 warning generated.
configure:6015: $? = 0
configure:6015: result: yes
configure:6015: checking for timegm
configure:6015: gcc -o conftest -pipe -O2 -DNDEBUG    conftest.c  1>&5
configure:6015: $? = 0
configure:6015: result: yes
configure:6015: checking for tzset
configure:6015: gcc -o conftest -pipe -O2 -DNDEBUG    conftest.c  1>&5
configure:6015: $? = 0
configure:6015: result: yes
configure:6141: checking for getaddrinfo
configure:6141: gcc -o conftest -pipe -O2 -DNDEBUG    conftest.c  1>&5
configure:6141: $? = 0
configure:6141: result: yes
configure:6143: checking for getnameinfo
configure:6143: gcc -o conftest -pipe -O2 -DNDEBUG    conftest.c  1>&5
configure:6143: $? = 0
configure:6143: result: yes
configure:6156: checking for pcre_compile in -lpcre
configure:6181: gcc -o conftest -pipe -O2 -DNDEBUG    conftest.c -lpcre   1>&5
configure:6181: $? = 0
configure:6190: result: yes
configure:6194: checking pcre.h usability
configure:6194: gcc -c -pipe -O2 -DNDEBUG   conftest.c 1>&5
configure:6194: $? = 0
configure:6194: result: yes
configure:6194: checking pcre.h presence
configure:6194: gcc -E  -Dunix conftest.c
configure:6194: $? = 0
configure:6194: result: yes
configure:6194: checking for pcre.h
configure:6194: result: yes
configure:6248: checking for regcomp in -lpcreposix
configure:6273: gcc -o conftest -pipe -O2 -DNDEBUG    conftest.c -lpcreposix -lpcre  1>&5
configure:6273: $? = 0
configure:6282: result: yes
configure:6286: checking pcreposix.h usability
configure:6286: gcc -c -pipe -O2 -DNDEBUG   conftest.c 1>&5
configure:6286: $? = 0
configure:6286: result: yes
configure:6286: checking pcreposix.h presence
configure:6286: gcc -E  -Dunix conftest.c
configure:6286: $? = 0
configure:6286: result: yes
configure:6286: checking for pcreposix.h
configure:6286: result: yes
configure:6553: checking for zlibVersion in -lz
configure:6578: gcc -o conftest -pipe -O2 -DNDEBUG    conftest.c -lz   1>&5
configure:6578: $? = 0
configure:6587: result: yes
configure:7324: creating ./config.status

## ---------------------- ##
## Running config.status. ##
## ---------------------- ##

This file was extended by config.status, which was
generated by GNU Autoconf 2.69.  Invocation command line was

  CONFIG_FILES    = 
  CONFIG_HEADERS  = 
  CONFIG_LINKS    = 
  CONFIG_COMMANDS = 
  $ ./config.status 

on angeldeWindows10.local

config.status:932: creating GNUmakefile
config.status:932: creating doc/source/ldp.dsl
config.status:932: creating config.h
config.status:1107: config.h is unchanged

## ---------------- ##
## Cache variables. ##
## ---------------- ##

ac_cv_build=x86_64-apple-darwin20.6.0
ac_cv_c_compiler_gnu=yes
ac_cv_c_const=yes
ac_cv_env_CC_set=
ac_cv_env_CC_value=
ac_cv_env_CFLAGS_set=
ac_cv_env_CFLAGS_value=
ac_cv_env_CPPFLAGS_set=
ac_cv_env_CPPFLAGS_value=
ac_cv_env_CPP_set=
ac_cv_env_CPP_value=
ac_cv_env_LDFLAGS_set=
ac_cv_env_LDFLAGS_value=
ac_cv_env_LIBS_set=
ac_cv_env_LIBS_value=
ac_cv_env_build_alias_set=
ac_cv_env_build_alias_value=
ac_cv_env_host_alias_set=
ac_cv_env_host_alias_value=
ac_cv_env_target_alias_set=
ac_cv_env_target_alias_value=
ac_cv_func_access=yes
ac_cv_func_arc4random=yes
ac_cv_func_atexit=yes
ac_cv_func_bcopy=yes
ac_cv_func_calloc=yes
ac_cv_func_getaddrinfo=yes
ac_cv_func_getcwd=yes
ac_cv_func_gethostbyaddr=yes
ac_cv_func_gethostbyaddr_r=no
ac_cv_func_gethostbyname=yes
ac_cv_func_gethostbyname_r=no
ac_cv_func_getnameinfo=yes
ac_cv_func_gettimeofday=yes
ac_cv_func_gmtime_r=yes
ac_cv_func_inet_ntoa=yes
ac_cv_func_localtime_r=yes
ac_cv_func_memchr=yes
ac_cv_func_memmove=yes
ac_cv_func_memset=yes
ac_cv_func_nanosleep=yes
ac_cv_func_poll=yes
ac_cv_func_putenv=yes
ac_cv_func_random=yes
ac_cv_func_regcomp=yes
ac_cv_func_select=yes
ac_cv_func_setlocale=yes
ac_cv_func_shutdown=yes
ac_cv_func_snprintf=yes
ac_cv_func_socket=yes
ac_cv_func_strchr=yes
ac_cv_func_strdup=yes
ac_cv_func_strerror=yes
ac_cv_func_strftime=yes
ac_cv_func_strlcat=yes
ac_cv_func_strlcpy=yes
ac_cv_func_strptime=yes
ac_cv_func_strtoul=yes
ac_cv_func_timegm=yes
ac_cv_func_tzset=yes
ac_cv_header_OS_h=no
ac_cv_header_arpa_inet_h=yes
ac_cv_header_dirent_dirent_h=yes
ac_cv_header_errno_h=yes
ac_cv_header_fcntl_h=yes
ac_cv_header_inttypes_h=yes
ac_cv_header_limits_h=yes
ac_cv_header_locale_h=yes
ac_cv_header_memory_h=yes
ac_cv_header_netdb_h=yes
ac_cv_header_netinet_in_h=yes
ac_cv_header_pcre_h=yes
ac_cv_header_pcreposix_h=yes
ac_cv_header_pthread_h=yes
ac_cv_header_stdc=yes
ac_cv_header_stddef_h=yes
ac_cv_header_stdint_h=yes
ac_cv_header_stdlib_h=yes
ac_cv_header_string_h=yes
ac_cv_header_strings_h=yes
ac_cv_header_sys_ioctl_h=yes
ac_cv_header_sys_socket_h=yes
ac_cv_header_sys_stat_h=yes
ac_cv_header_sys_time_h=yes
ac_cv_header_sys_timeb_h=yes
ac_cv_header_sys_types_h=yes
ac_cv_header_sys_wait_h=yes
ac_cv_header_time=yes
ac_cv_header_unistd_h=yes
ac_cv_host=x86_64-apple-darwin20.6.0
ac_cv_lib_nsl_gethostbyname=no
ac_cv_lib_pcre_pcre_compile=yes
ac_cv_lib_pcreposix_regcomp=yes
ac_cv_lib_z_zlibVersion=yes
ac_cv_objext=o
ac_cv_path_BGROUPS=/usr/bin/groups
ac_cv_path_EGREP='/usr/bin/grep -E'
ac_cv_path_GREP=/usr/bin/grep
ac_cv_path_ID=/usr/bin/id
ac_cv_path_install='/usr/bin/install -c'
ac_cv_prog_AWK=awk
ac_cv_prog_CPP='gcc -E'
ac_cv_prog_GDB=no
ac_cv_prog_ac_ct_CC=gcc
ac_cv_prog_cc_c89=
ac_cv_prog_cc_g=yes
ac_cv_prog_gcc_traditional=no
ac_cv_prog_make_make_set=yes
ac_cv_search_opendir='none required'
ac_cv_sizeof_char_p=8
ac_cv_sizeof_int=4
ac_cv_sizeof_long=8
ac_cv_sizeof_long_long=8
ac_cv_sizeof_size_t=8
ac_cv_sizeof_time_t=8
ac_cv_struct_tm=time.h
ac_cv_type_pid_t=yes
ac_cv_type_signal=void
ac_cv_type_size_t=yes

## ----------------- ##
## Output variables. ##
## ----------------- ##

AWK='awk'
BGROUPS='/usr/bin/groups'
CC='gcc'
CFLAGS='-pipe -O2 -DNDEBUG'
CODE_STATUS='stable'
CPP='gcc -E'
CPPFLAGS=''
DB2HTML='false'
DEFS='-DHAVE_CONFIG_H'
DKPREFIX='none'
DOC_STATUS='p-stable'
ECHO_C='\c'
ECHO_N=''
ECHO_T=''
EGREP='/usr/bin/grep -E'
EXEEXT=''
FEATURE_BROTLI=''
FEATURE_CLIENT_TAGS_ONLY=''
FEATURE_HTTPS_INSPECTION_MBEDTLS=''
FEATURE_HTTPS_INSPECTION_ONLY='#'
FEATURE_HTTPS_INSPECTION_ONLY_MBEDTLS='#'
FEATURE_HTTPS_INSPECTION_ONLY_OPENSSL='#'
FEATURE_HTTPS_INSPECTION_OPENSSL=''
FUZZ_ONLY='#'
GDB='no'
GREP='/usr/bin/grep'
GROUP=''
ID='/usr/bin/id'
INSTALL_DATA='${INSTALL} -m 644'
INSTALL_PROGRAM='${INSTALL}'
INSTALL_SCRIPT='${INSTALL}'
JADEBIN='false'
JADECAT=''
LDFLAGS=''
LIBOBJS=''
LIBS=' -lz -lpcre -lpcreposix'
LN_S='ln -s'
LTLIBOBJS=''
MAN2HTML='false'
NSGMLS='false'
OBJEXT='o'
PACKAGE_BUGREPORT=''
PACKAGE_NAME=''
PACKAGE_STRING=''
PACKAGE_TARNAME=''
PACKAGE_URL=''
PACKAGE_VERSION=''
PATH_SEPARATOR=':'
PTHREAD_LIB=''
PTHREAD_ONLY=''
RPMBIN='false'
RPM_BASE=''
SET_MAKE=''
SHELL='/bin/sh'
SOCKET_LIB=''
SOURCE_DATE_EPOCH='1613992573'
SPECIAL_CFLAGS='-Dunix'
STATIC_PCRE_ONLY='#'
STATIC_PCRS_ONLY=''
USER=''
VERSION_MAJOR='3'
VERSION_MINOR='0'
VERSION_POINT='32'
W3M=''
WIN_ONLY='#'
ac_ct_CC='gcc'
bindir='${exec_prefix}/bin'
build='x86_64-apple-darwin20.6.0'
build_alias=''
build_cpu='x86_64'
build_os='darwin20.6.0'
build_vendor='apple'
datadir='${datarootdir}'
datarootdir='${prefix}/share'
docdir='${datarootdir}/doc/${PACKAGE}'
dvidir='${docdir}'
exec_prefix='${prefix}'
host='x86_64-apple-darwin20.6.0'
host_alias=''
host_cpu='x86_64'
host_os='darwin20.6.0'
host_vendor='apple'
htmldir='${docdir}'
includedir='${prefix}/include'
infodir='${datarootdir}/info'
libdir='${exec_prefix}/lib'
libexecdir='${exec_prefix}/libexec'
localedir='${datarootdir}/locale'
localstatedir='${prefix}/var'
mandir='${datarootdir}/man'
oldincludedir='/usr/include'
pdfdir='${docdir}'
prefix='/usr/local/privoxy'
program_transform_name='s,x,x,'
psdir='${docdir}'
sbindir='${exec_prefix}/sbin'
sharedstatedir='${prefix}/com'
sysconfdir='${prefix}/etc'
target_alias=''

## ----------- ##
## confdefs.h. ##
## ----------- ##

/* confdefs.h */
#define PACKAGE_NAME ""
#define PACKAGE_TARNAME ""
#define PACKAGE_VERSION ""
#define PACKAGE_STRING ""
#define PACKAGE_BUGREPORT ""
#define PACKAGE_URL ""
#define VERSION_MAJOR 3
#define VERSION_MINOR 0
#define VERSION_POINT 32
#define VERSION "3.0.32"
#define CODE_STATUS "stable"
#define STDC_HEADERS 1
#define HAVE_SYS_TYPES_H 1
#define HAVE_SYS_STAT_H 1
#define HAVE_STDLIB_H 1
#define HAVE_STRING_H 1
#define HAVE_MEMORY_H 1
#define HAVE_STRINGS_H 1
#define HAVE_INTTYPES_H 1
#define HAVE_STDINT_H 1
#define HAVE_UNISTD_H 1
#define FEATURE_PTHREAD 1
#define HAVE_GMTIME_R 1
#define HAVE_LOCALTIME_R 1
#define STDC_HEADERS 1
#define HAVE_DIRENT_H 1
#define TIME_WITH_SYS_TIME 1
#define SIZEOF_INT 4
#define SIZEOF_CHAR_P 8
#define SIZEOF_LONG 8
#define SIZEOF_LONG_LONG 8
#define SIZEOF_SIZE_T 8
#define SIZEOF_TIME_T 8
#define HAVE_ARPA_INET_H 1
#define HAVE_ERRNO_H 1
#define HAVE_FCNTL_H 1
#define HAVE_LIMITS_H 1
#define HAVE_LOCALE_H 1
#define HAVE_NETDB_H 1
#define HAVE_NETINET_IN_H 1
#define HAVE_STDDEF_H 1
#define HAVE_STDLIB_H 1
#define HAVE_STRING_H 1
#define HAVE_SYS_IOCTL_H 1
#define HAVE_SYS_SOCKET_H 1
#define HAVE_SYS_TIME_H 1
#define HAVE_SYS_TIMEB_H 1
#define HAVE_SYS_WAIT_H 1
#define HAVE_UNISTD_H 1
#define HAVE_BCOPY 1
#define RETSIGTYPE void
#define HAVE_ACCESS 1
#define HAVE_ARC4RANDOM 1
#define HAVE_ATEXIT 1
#define HAVE_CALLOC 1
#define HAVE_GETCWD 1
#define HAVE_GETHOSTBYADDR 1
#define HAVE_GETHOSTBYNAME 1
#define HAVE_GETTIMEOFDAY 1
#define HAVE_INET_NTOA 1
#define HAVE_MEMCHR 1
#define HAVE_MEMMOVE 1
#define HAVE_MEMSET 1
#define HAVE_NANOSLEEP 1
#define HAVE_POLL 1
#define HAVE_PUTENV 1
#define HAVE_RANDOM 1
#define HAVE_REGCOMP 1
#define HAVE_SELECT 1
#define HAVE_SETLOCALE 1
#define HAVE_SHUTDOWN 1
#define HAVE_SNPRINTF 1
#define HAVE_SOCKET 1
#define HAVE_STRCHR 1
#define HAVE_STRDUP 1
#define HAVE_STRERROR 1
#define HAVE_STRFTIME 1
#define HAVE_STRLCAT 1
#define HAVE_STRLCPY 1
#define HAVE_STRPTIME 1
#define HAVE_STRTOUL 1
#define HAVE_TIMEGM 1
#define HAVE_TZSET 1
#define HAVE_RFC2553 1
#define __MT__ 1
#define FEATURE_TOGGLE 1
#define FEATURE_FORCE_LOAD 1
#define FEATURE_FAST_REDIRECTS 1
#define FEATURE_STATISTICS 1
#define FEATURE_IMAGE_BLOCKING 1
#define FEATURE_ACL 1
#define FEATURE_TRUST 1
#define FEATURE_CGI_EDIT_ACTIONS 1
#define FEATURE_CLIENT_TAGS 1
#define FEATURE_ZLIB 1
#define FEATURE_DYNAMIC_PCRE 1
#define FEATURE_CONNECTION_KEEP_ALIVE 1
#define FEATURE_CONNECTION_SHARING 1
#define STATIC_PCRS 1

configure: exit 0
